#
# A fatal error has been detected by the Java Runtime Environment:
#
#  EXCEPTION_ACCESS_VIOLATION (0xc0000005) at pc=0x00007ff93581b3ee, pid=22812, tid=32456
#
# JRE version: Java(TM) SE Runtime Environment (17.0.6+9) (build 17.0.6+9-LTS-190)
# Java VM: Java HotSpot(TM) 64-Bit Server VM (17.0.6+9-LTS-190, mixed mode, sharing, tiered, compressed oops, compressed class ptrs, g1 gc, windows-amd64)
# Problematic frame:
# C  [nvoglv64.dll+0x191b3ee]
#
# No core dump will be written. Minidumps are not enabled by default on client versions of Windows
#
# If you would like to submit a bug report, please visit:
#   https://bugreport.java.com/bugreport/crash.jsp
# The crash happened outside the Java Virtual Machine in native code.
# See problematic frame for where to report the bug.
#

---------------  S U M M A R Y ------------

Command Line: -Dorg.lwjgl.util.Debug=true -javaagent:C:\Program Files\JetBrains\Intellij\IntelliJ IDEA Community Edition 2020.3.2\lib\idea_rt.jar=58840:C:\Program Files\JetBrains\Intellij\IntelliJ IDEA Community Edition 2020.3.2\bin -Dfile.encoding=UTF-8 OpenGLCourseApp

Host: Intel(R) Core(TM) i7-7820HK CPU @ 2.90GHz, 8 cores, 31G,  Windows 10 , 64 bit Build 19041 (10.0.19041.3155)
Time: Tue Jul 18 23:17:47 2023 Eastern Daylight Time elapsed time: 1.585805 seconds (0d 0h 0m 1s)

---------------  T H R E A D  ---------------

Current thread (0x000001e75e2b5be0):  JavaThread "main" [_thread_in_native, id=32456, stack(0x0000002f0dd00000,0x0000002f0de00000)]

Stack: [0x0000002f0dd00000,0x0000002f0de00000],  sp=0x0000002f0ddff128,  free space=1020k
Native frames: (J=compiled Java code, j=interpreted, Vv=VM code, C=native code)
C  [nvoglv64.dll+0x191b3ee]

Java frames: (J=compiled Java code, j=interpreted, Vv=VM code)
j  org.lwjgl.opengl.GL11C.nglTexImage2D(IIIIIIIIJ)V+0
j  org.lwjgl.opengl.GL11C.glTexImage2D(IIIIIIIILjava/nio/ByteBuffer;)V+17
j  org.lwjgl.opengl.GL11.glTexImage2D(IIIIIIIILjava/nio/ByteBuffer;)V+14
j  Texture.loadTextureA()Z+166
j  Model.loadMaterials(Lorg/lwjgl/assimp/AIScene;)V+165
j  Model.loadModel(Ljava/lang/String;)V+38
j  OpenGLCourseApp.run()V+181
j  OpenGLCourseApp.main([Ljava/lang/String;)V+9
v  ~StubRoutines::call_stub

siginfo: EXCEPTION_ACCESS_VIOLATION (0xc0000005), reading address 0x000001e717122000


Register to memory mapping:

RIP=0x00007ff93581b3ee nvoglv64.dll
RAX=0x000001e70f9d1520 points into unknown readable memory: 0xd3d3d2d2d2d2d2d2 | d2 d2 d2 d2 d2 d2 d3 d3
RBX=0x000001e70f9d1520 points into unknown readable memory: 0xd3d3d2d2d2d2d2d2 | d2 d2 d2 d2 d2 d2 d3 d3
RCX=0x0000000000006b50 is an unknown value
RDX=0x0000000007701ad0 is an unknown value
RSP=0x0000002f0ddff128 is pointing into the stack for thread: 0x000001e75e2b5be0
RBP=0x00000000000000cf is an unknown value
RSI=0x000001e717122000 is an unknown value
RDI=0x000001e70fa20530 points into unknown readable memory: 0x0000000000000000 | 00 00 00 00 00 00 00 00
R8 =0x0000000000055b60 is an unknown value
R9 =0x0000000000000008 is an unknown value
R10=0x000001e7170d2ff0 points into unknown readable memory: 0xd3d3d2d2d2d2d2d2 | d2 d2 d2 d2 d2 d2 d3 d3
R11=0x000001e70f9d1520 points into unknown readable memory: 0xd3d3d2d2d2d2d2d2 | d2 d2 d2 d2 d2 d2 d3 d3
R12=0x0000000000000de1 is an unknown value
R13=0x0000000000001401 is an unknown value
R14=0x0000000000001908 is an unknown value
R15=0x00000000000001a8 is an unknown value


Registers:
RAX=0x000001e70f9d1520, RBX=0x000001e70f9d1520, RCX=0x0000000000006b50, RDX=0x0000000007701ad0
RSP=0x0000002f0ddff128, RBP=0x00000000000000cf, RSI=0x000001e717122000, RDI=0x000001e70fa20530
R8 =0x0000000000055b60, R9 =0x0000000000000008, R10=0x000001e7170d2ff0, R11=0x000001e70f9d1520
R12=0x0000000000000de1, R13=0x0000000000001401, R14=0x0000000000001908, R15=0x00000000000001a8
RIP=0x00007ff93581b3ee, EFLAGS=0x0000000000010202

Top of Stack: (sp=0x0000002f0ddff128)
0x0000002f0ddff128:   0000000000055b60 000001e70c7cb080
0x0000002f0ddff138:   00007ff934e0c9e7 0000000000001908
0x0000002f0ddff148:   00000000000000cf 000001e70c7cb080
0x0000002f0ddff158:   00007ff9950542dc 000001e700001908
0x0000002f0ddff168:   00007ff900001401 000001e7170d2ff0
0x0000002f0ddff178:   000001e70fc06b00 000001e75e2b5be0
0x0000002f0ddff188:   0000002f0ddff398 000001e70b1a56b8
0x0000002f0ddff198:   0000000000000000 0000000000001908
0x0000002f0ddff1a8:   00007ffa00b9605a 00000000000001a8
0x0000002f0ddff1b8:   000001e700000000 0000000000000de1
0x0000002f0ddff1c8:   0000000000000000 0000002f000000cf
0x0000002f0ddff1d8:   00007ff900000000 000001e700001908
0x0000002f0ddff1e8:   000001e700001401 000001e7170d2ff0
0x0000002f0ddff1f8:   00007ffa3eb8f733 000001e76d0794fe
0x0000002f0ddff208:   00007ff9e4dbcc45 0000000000000de1
0x0000002f0ddff218:   0000002f0ddff330 000001e7170d2ff0 

Instructions: (pc=0x00007ff93581b3ee)
0x00007ff93581b2ee:   cc cc cc cc cc cc cc cc 66 66 0f 1f 84 00 00 00
0x00007ff93581b2fe:   00 00 48 2b d1 49 83 f8 08 72 22 f6 c1 07 74 14
0x00007ff93581b30e:   66 90 8a 01 3a 04 11 75 2c 48 ff c1 49 ff c8 f6
0x00007ff93581b31e:   c1 07 75 ee 4d 8b c8 49 c1 e9 03 75 1f 4d 85 c0
0x00007ff93581b32e:   74 0f 8a 01 3a 04 11 75 0c 48 ff c1 49 ff c8 75
0x00007ff93581b33e:   f1 48 33 c0 c3 1b c0 83 d8 ff c3 90 49 c1 e9 02
0x00007ff93581b34e:   74 37 48 8b 01 48 3b 04 11 75 5b 48 8b 41 08 48
0x00007ff93581b35e:   3b 44 11 08 75 4c 48 8b 41 10 48 3b 44 11 10 75
0x00007ff93581b36e:   3d 48 8b 41 18 48 3b 44 11 18 75 2e 48 83 c1 20
0x00007ff93581b37e:   49 ff c9 75 cd 49 83 e0 1f 4d 8b c8 49 c1 e9 03
0x00007ff93581b38e:   74 9b 48 8b 01 48 3b 04 11 75 1b 48 83 c1 08 49
0x00007ff93581b39e:   ff c9 75 ee 49 83 e0 07 eb 83 48 83 c1 08 48 83
0x00007ff93581b3ae:   c1 08 48 83 c1 08 48 8b 0c 0a 48 0f c8 48 0f c9
0x00007ff93581b3be:   48 3b c1 1b c0 83 d8 ff c3 cc cc cc cc cc cc cc
0x00007ff93581b3ce:   cc cc cc cc cc cc cc cc 66 66 0f 1f 84 00 00 00
0x00007ff93581b3de:   00 00 57 56 49 8b c3 48 8b f9 49 8b c8 49 8b f2
0x00007ff93581b3ee:   f3 a4 5e 5f c3 cc cc cc cc cc cc 0f 1f 80 00 00
0x00007ff93581b3fe:   00 00 4c 8b d9 4c 8b d2 49 83 f8 10 76 54 49 83
0x00007ff93581b40e:   f8 20 76 2e 48 2b d1 73 0d 4b 8d 04 10 48 3b c8
0x00007ff93581b41e:   0f 82 dc 02 00 00 49 81 f8 80 00 00 00 0f 86 0f
0x00007ff93581b42e:   02 00 00 f6 05 88 bc 14 02 02 0f 84 52 01 00 00
0x00007ff93581b43e:   eb a0 0f 10 02 42 0f 10 4c 02 f0 0f 11 01 42 0f
0x00007ff93581b44e:   11 4c 01 f0 48 8b c1 c3 66 66 0f 1f 84 00 00 00
0x00007ff93581b45e:   00 00 48 8b c1 4c 8d 0d 96 4b 6e fe 43 8b 8c 81
0x00007ff93581b46e:   10 7a bf 03 49 03 c9 ff e1 66 0f 1f 84 00 00 00
0x00007ff93581b47e:   00 00 c3 0f b7 0a 66 89 08 c3 48 8b 0a 48 89 08
0x00007ff93581b48e:   c3 0f b7 0a 44 0f b6 42 02 66 89 08 44 88 40 02
0x00007ff93581b49e:   c3 0f b6 0a 88 08 c3 f3 0f 6f 02 f3 0f 7f 00 c3
0x00007ff93581b4ae:   66 90 4c 8b 02 0f b7 4a 08 44 0f b6 4a 0a 4c 89
0x00007ff93581b4be:   00 66 89 48 08 44 88 48 0a c3 8b 0a 89 08 c3 0f
0x00007ff93581b4ce:   1f 00 8b 0a 44 0f b6 42 04 89 08 44 88 40 04 c3
0x00007ff93581b4de:   66 90 8b 0a 44 0f b7 42 04 89 08 66 44 89 40 04 


Stack slot to memory mapping:
stack at sp + 0 slots: 0x0000000000055b60 is an unknown value
stack at sp + 1 slots: 0x000001e70c7cb080 points into unknown readable memory: 0x0000000000000000 | 00 00 00 00 00 00 00 00
stack at sp + 2 slots: 0x00007ff934e0c9e7 nvoglv64.dll
stack at sp + 3 slots: 0x0000000000001908 is an unknown value
stack at sp + 4 slots: 0x00000000000000cf is an unknown value
stack at sp + 5 slots: 0x000001e70c7cb080 points into unknown readable memory: 0x0000000000000000 | 00 00 00 00 00 00 00 00
stack at sp + 6 slots: 0x00007ff9950542dc lwjgl_stb.dll
stack at sp + 7 slots: 0x000001e700001908 points into unknown readable memory: 0x0000000000000000 | 00 00 00 00 00 00 00 00


---------------  P R O C E S S  ---------------

Threads class SMR info:
_java_thread_list=0x000001e710007760, length=14, elements={
0x000001e75e2b5be0, 0x000001e77ff8a940, 0x000001e77ff8b7b0, 0x000001e77ff9e550,
0x000001e77ff9f010, 0x000001e77ffa1ad0, 0x000001e77ffa2ca0, 0x000001e77ffb0220,
0x000001e77ffb17f0, 0x000001e77ffbbd00, 0x000001e70a880090, 0x000001e70ab7d6a0,
0x000001e70ab7db70, 0x000001e7103e5a90
}

Java Threads: ( => current thread )
=>0x000001e75e2b5be0 JavaThread "main" [_thread_in_native, id=32456, stack(0x0000002f0dd00000,0x0000002f0de00000)]
  0x000001e77ff8a940 JavaThread "Reference Handler" daemon [_thread_blocked, id=16344, stack(0x0000002f0e400000,0x0000002f0e500000)]
  0x000001e77ff8b7b0 JavaThread "Finalizer" daemon [_thread_blocked, id=30304, stack(0x0000002f0e500000,0x0000002f0e600000)]
  0x000001e77ff9e550 JavaThread "Signal Dispatcher" daemon [_thread_blocked, id=4528, stack(0x0000002f0e600000,0x0000002f0e700000)]
  0x000001e77ff9f010 JavaThread "Attach Listener" daemon [_thread_blocked, id=25288, stack(0x0000002f0e700000,0x0000002f0e800000)]
  0x000001e77ffa1ad0 JavaThread "Service Thread" daemon [_thread_blocked, id=7660, stack(0x0000002f0e800000,0x0000002f0e900000)]
  0x000001e77ffa2ca0 JavaThread "Monitor Deflation Thread" daemon [_thread_blocked, id=32452, stack(0x0000002f0e900000,0x0000002f0ea00000)]
  0x000001e77ffb0220 JavaThread "C2 CompilerThread0" daemon [_thread_blocked, id=28748, stack(0x0000002f0ea00000,0x0000002f0eb00000)]
  0x000001e77ffb17f0 JavaThread "C1 CompilerThread0" daemon [_thread_blocked, id=14132, stack(0x0000002f0eb00000,0x0000002f0ec00000)]
  0x000001e77ffbbd00 JavaThread "Sweeper thread" daemon [_thread_blocked, id=33344, stack(0x0000002f0ec00000,0x0000002f0ed00000)]
  0x000001e70a880090 JavaThread "Common-Cleaner" daemon [_thread_blocked, id=38040, stack(0x0000002f0ed00000,0x0000002f0ee00000)]
  0x000001e70ab7d6a0 JavaThread "Monitor Ctrl-Break" daemon [_thread_in_native, id=28088, stack(0x0000002f0ee00000,0x0000002f0ef00000)]
  0x000001e70ab7db70 JavaThread "Notification Thread" daemon [_thread_blocked, id=1496, stack(0x0000002f0ef00000,0x0000002f0f000000)]
  0x000001e7103e5a90 JavaThread "C2 CompilerThread1" daemon [_thread_blocked, id=28244, stack(0x0000002f0f100000,0x0000002f0f200000)]

Other Threads:
  0x000001e77ff81d30 VMThread "VM Thread" [stack: 0x0000002f0e300000,0x0000002f0e400000] [id=32116]
  0x000001e75e38bc90 WatcherThread [stack: 0x0000002f0f000000,0x0000002f0f100000] [id=33336]
  0x000001e75e361740 GCTaskThread "GC Thread#0" [stack: 0x0000002f0de00000,0x0000002f0df00000] [id=24096]
  0x000001e7100041f0 GCTaskThread "GC Thread#1" [stack: 0x0000002f0f800000,0x0000002f0f900000] [id=1716]
  0x000001e71066f2a0 GCTaskThread "GC Thread#2" [stack: 0x0000002f0f900000,0x0000002f0fa00000] [id=38996]
  0x000001e71043b000 GCTaskThread "GC Thread#3" [stack: 0x0000002f0fa00000,0x0000002f0fb00000] [id=38852]
  0x000001e7105e92d0 GCTaskThread "GC Thread#4" [stack: 0x0000002f0fb00000,0x0000002f0fc00000] [id=36988]
  0x000001e7105360c0 GCTaskThread "GC Thread#5" [stack: 0x0000002f0fc00000,0x0000002f0fd00000] [id=30052]
  0x000001e71077be90 GCTaskThread "GC Thread#6" [stack: 0x0000002f0fd00000,0x0000002f0fe00000] [id=28040]
  0x000001e7104ddc40 GCTaskThread "GC Thread#7" [stack: 0x0000002f0fe00000,0x0000002f0ff00000] [id=38648]
  0x000001e77fe02010 ConcurrentGCThread "G1 Main Marker" [stack: 0x0000002f0df00000,0x0000002f0e000000] [id=9828]
  0x000001e77fe031c0 ConcurrentGCThread "G1 Conc#0" [stack: 0x0000002f0e000000,0x0000002f0e100000] [id=23536]
  0x000001e77febcda0 ConcurrentGCThread "G1 Refine#0" [stack: 0x0000002f0e100000,0x0000002f0e200000] [id=12688]
  0x000001e77febd7c0 ConcurrentGCThread "G1 Service" [stack: 0x0000002f0e200000,0x0000002f0e300000] [id=38532]

Threads with active compile tasks:

VM state: not at safepoint (normal execution)

VM Mutex/Monitor currently owned by a thread: None

Heap address: 0x0000000602000000, size: 8160 MB, Compressed Oops mode: Zero based, Oop shift amount: 3

CDS archive(s) mapped at: [0x0000000800000000-0x0000000800bd0000-0x0000000800bd0000), size 12386304, SharedBaseAddress: 0x0000000800000000, ArchiveRelocationMode: 0.
Compressed class space mapped at: 0x0000000800c00000-0x0000000840c00000, reserved size: 1073741824
Narrow klass base: 0x0000000800000000, Narrow klass shift: 0, Narrow klass range: 0x100000000

GC Precious Log:
 CPUs: 8 total, 8 available
 Memory: 32637M
 Large Page Support: Disabled
 NUMA Support: Disabled
 Compressed Oops: Enabled (Zero based)
 Heap Region Size: 4M
 Heap Min Capacity: 8M
 Heap Initial Capacity: 512M
 Heap Max Capacity: 8160M
 Pre-touch: Disabled
 Parallel Workers: 8
 Concurrent Workers: 2
 Concurrent Refinement Workers: 8
 Periodic GC: Disabled

Heap:
 garbage-first heap   total 524288K, used 15210K [0x0000000602000000, 0x0000000800000000)
  region size 4096K, 5 young (20480K), 1 survivors (4096K)
 Metaspace       used 5304K, committed 5504K, reserved 1056768K
  class space    used 324K, committed 448K, reserved 1048576K

Heap Regions: E=young(eden), S=young(survivor), O=old, HS=humongous(starts), HC=humongous(continues), CS=collection set, F=free, OA=open archive, CA=closed archive, TAMS=top-at-mark-start (previous, next)
|   0|0x0000000602000000, 0x0000000602000000, 0x0000000602400000|  0%| F|  |TAMS 0x0000000602000000, 0x0000000602000000| Untracked 
|   1|0x0000000602400000, 0x0000000602400000, 0x0000000602800000|  0%| F|  |TAMS 0x0000000602400000, 0x0000000602400000| Untracked 
|   2|0x0000000602800000, 0x0000000602800000, 0x0000000602c00000|  0%| F|  |TAMS 0x0000000602800000, 0x0000000602800000| Untracked 
|   3|0x0000000602c00000, 0x0000000602c00000, 0x0000000603000000|  0%| F|  |TAMS 0x0000000602c00000, 0x0000000602c00000| Untracked 
|   4|0x0000000603000000, 0x0000000603000000, 0x0000000603400000|  0%| F|  |TAMS 0x0000000603000000, 0x0000000603000000| Untracked 
|   5|0x0000000603400000, 0x0000000603400000, 0x0000000603800000|  0%| F|  |TAMS 0x0000000603400000, 0x0000000603400000| Untracked 
|   6|0x0000000603800000, 0x0000000603800000, 0x0000000603c00000|  0%| F|  |TAMS 0x0000000603800000, 0x0000000603800000| Untracked 
|   7|0x0000000603c00000, 0x0000000603c00000, 0x0000000604000000|  0%| F|  |TAMS 0x0000000603c00000, 0x0000000603c00000| Untracked 
|   8|0x0000000604000000, 0x0000000604000000, 0x0000000604400000|  0%| F|  |TAMS 0x0000000604000000, 0x0000000604000000| Untracked 
|   9|0x0000000604400000, 0x0000000604400000, 0x0000000604800000|  0%| F|  |TAMS 0x0000000604400000, 0x0000000604400000| Untracked 
|  10|0x0000000604800000, 0x0000000604800000, 0x0000000604c00000|  0%| F|  |TAMS 0x0000000604800000, 0x0000000604800000| Untracked 
|  11|0x0000000604c00000, 0x0000000604c00000, 0x0000000605000000|  0%| F|  |TAMS 0x0000000604c00000, 0x0000000604c00000| Untracked 
|  12|0x0000000605000000, 0x0000000605000000, 0x0000000605400000|  0%| F|  |TAMS 0x0000000605000000, 0x0000000605000000| Untracked 
|  13|0x0000000605400000, 0x0000000605400000, 0x0000000605800000|  0%| F|  |TAMS 0x0000000605400000, 0x0000000605400000| Untracked 
|  14|0x0000000605800000, 0x0000000605800000, 0x0000000605c00000|  0%| F|  |TAMS 0x0000000605800000, 0x0000000605800000| Untracked 
|  15|0x0000000605c00000, 0x0000000605c00000, 0x0000000606000000|  0%| F|  |TAMS 0x0000000605c00000, 0x0000000605c00000| Untracked 
|  16|0x0000000606000000, 0x0000000606000000, 0x0000000606400000|  0%| F|  |TAMS 0x0000000606000000, 0x0000000606000000| Untracked 
|  17|0x0000000606400000, 0x0000000606400000, 0x0000000606800000|  0%| F|  |TAMS 0x0000000606400000, 0x0000000606400000| Untracked 
|  18|0x0000000606800000, 0x0000000606800000, 0x0000000606c00000|  0%| F|  |TAMS 0x0000000606800000, 0x0000000606800000| Untracked 
|  19|0x0000000606c00000, 0x0000000606c00000, 0x0000000607000000|  0%| F|  |TAMS 0x0000000606c00000, 0x0000000606c00000| Untracked 
|  20|0x0000000607000000, 0x0000000607000000, 0x0000000607400000|  0%| F|  |TAMS 0x0000000607000000, 0x0000000607000000| Untracked 
|  21|0x0000000607400000, 0x0000000607400000, 0x0000000607800000|  0%| F|  |TAMS 0x0000000607400000, 0x0000000607400000| Untracked 
|  22|0x0000000607800000, 0x0000000607800000, 0x0000000607c00000|  0%| F|  |TAMS 0x0000000607800000, 0x0000000607800000| Untracked 
|  23|0x0000000607c00000, 0x0000000607c00000, 0x0000000608000000|  0%| F|  |TAMS 0x0000000607c00000, 0x0000000607c00000| Untracked 
|  24|0x0000000608000000, 0x0000000608000000, 0x0000000608400000|  0%| F|  |TAMS 0x0000000608000000, 0x0000000608000000| Untracked 
|  25|0x0000000608400000, 0x0000000608400000, 0x0000000608800000|  0%| F|  |TAMS 0x0000000608400000, 0x0000000608400000| Untracked 
|  26|0x0000000608800000, 0x0000000608800000, 0x0000000608c00000|  0%| F|  |TAMS 0x0000000608800000, 0x0000000608800000| Untracked 
|  27|0x0000000608c00000, 0x0000000608c00000, 0x0000000609000000|  0%| F|  |TAMS 0x0000000608c00000, 0x0000000608c00000| Untracked 
|  28|0x0000000609000000, 0x0000000609000000, 0x0000000609400000|  0%| F|  |TAMS 0x0000000609000000, 0x0000000609000000| Untracked 
|  29|0x0000000609400000, 0x0000000609400000, 0x0000000609800000|  0%| F|  |TAMS 0x0000000609400000, 0x0000000609400000| Untracked 
|  30|0x0000000609800000, 0x0000000609800000, 0x0000000609c00000|  0%| F|  |TAMS 0x0000000609800000, 0x0000000609800000| Untracked 
|  31|0x0000000609c00000, 0x0000000609c00000, 0x000000060a000000|  0%| F|  |TAMS 0x0000000609c00000, 0x0000000609c00000| Untracked 
|  32|0x000000060a000000, 0x000000060a000000, 0x000000060a400000|  0%| F|  |TAMS 0x000000060a000000, 0x000000060a000000| Untracked 
|  33|0x000000060a400000, 0x000000060a400000, 0x000000060a800000|  0%| F|  |TAMS 0x000000060a400000, 0x000000060a400000| Untracked 
|  34|0x000000060a800000, 0x000000060a800000, 0x000000060ac00000|  0%| F|  |TAMS 0x000000060a800000, 0x000000060a800000| Untracked 
|  35|0x000000060ac00000, 0x000000060ac00000, 0x000000060b000000|  0%| F|  |TAMS 0x000000060ac00000, 0x000000060ac00000| Untracked 
|  36|0x000000060b000000, 0x000000060b000000, 0x000000060b400000|  0%| F|  |TAMS 0x000000060b000000, 0x000000060b000000| Untracked 
|  37|0x000000060b400000, 0x000000060b400000, 0x000000060b800000|  0%| F|  |TAMS 0x000000060b400000, 0x000000060b400000| Untracked 
|  38|0x000000060b800000, 0x000000060b800000, 0x000000060bc00000|  0%| F|  |TAMS 0x000000060b800000, 0x000000060b800000| Untracked 
|  39|0x000000060bc00000, 0x000000060bc00000, 0x000000060c000000|  0%| F|  |TAMS 0x000000060bc00000, 0x000000060bc00000| Untracked 
|  40|0x000000060c000000, 0x000000060c000000, 0x000000060c400000|  0%| F|  |TAMS 0x000000060c000000, 0x000000060c000000| Untracked 
|  41|0x000000060c400000, 0x000000060c400000, 0x000000060c800000|  0%| F|  |TAMS 0x000000060c400000, 0x000000060c400000| Untracked 
|  42|0x000000060c800000, 0x000000060c800000, 0x000000060cc00000|  0%| F|  |TAMS 0x000000060c800000, 0x000000060c800000| Untracked 
|  43|0x000000060cc00000, 0x000000060cc00000, 0x000000060d000000|  0%| F|  |TAMS 0x000000060cc00000, 0x000000060cc00000| Untracked 
|  44|0x000000060d000000, 0x000000060d000000, 0x000000060d400000|  0%| F|  |TAMS 0x000000060d000000, 0x000000060d000000| Untracked 
|  45|0x000000060d400000, 0x000000060d400000, 0x000000060d800000|  0%| F|  |TAMS 0x000000060d400000, 0x000000060d400000| Untracked 
|  46|0x000000060d800000, 0x000000060d800000, 0x000000060dc00000|  0%| F|  |TAMS 0x000000060d800000, 0x000000060d800000| Untracked 
|  47|0x000000060dc00000, 0x000000060dc00000, 0x000000060e000000|  0%| F|  |TAMS 0x000000060dc00000, 0x000000060dc00000| Untracked 
|  48|0x000000060e000000, 0x000000060e000000, 0x000000060e400000|  0%| F|  |TAMS 0x000000060e000000, 0x000000060e000000| Untracked 
|  49|0x000000060e400000, 0x000000060e400000, 0x000000060e800000|  0%| F|  |TAMS 0x000000060e400000, 0x000000060e400000| Untracked 
|  50|0x000000060e800000, 0x000000060e800000, 0x000000060ec00000|  0%| F|  |TAMS 0x000000060e800000, 0x000000060e800000| Untracked 
|  51|0x000000060ec00000, 0x000000060ec00000, 0x000000060f000000|  0%| F|  |TAMS 0x000000060ec00000, 0x000000060ec00000| Untracked 
|  52|0x000000060f000000, 0x000000060f000000, 0x000000060f400000|  0%| F|  |TAMS 0x000000060f000000, 0x000000060f000000| Untracked 
|  53|0x000000060f400000, 0x000000060f400000, 0x000000060f800000|  0%| F|  |TAMS 0x000000060f400000, 0x000000060f400000| Untracked 
|  54|0x000000060f800000, 0x000000060f800000, 0x000000060fc00000|  0%| F|  |TAMS 0x000000060f800000, 0x000000060f800000| Untracked 
|  55|0x000000060fc00000, 0x000000060fc00000, 0x0000000610000000|  0%| F|  |TAMS 0x000000060fc00000, 0x000000060fc00000| Untracked 
|  56|0x0000000610000000, 0x0000000610000000, 0x0000000610400000|  0%| F|  |TAMS 0x0000000610000000, 0x0000000610000000| Untracked 
|  57|0x0000000610400000, 0x0000000610400000, 0x0000000610800000|  0%| F|  |TAMS 0x0000000610400000, 0x0000000610400000| Untracked 
|  58|0x0000000610800000, 0x0000000610800000, 0x0000000610c00000|  0%| F|  |TAMS 0x0000000610800000, 0x0000000610800000| Untracked 
|  59|0x0000000610c00000, 0x0000000610c00000, 0x0000000611000000|  0%| F|  |TAMS 0x0000000610c00000, 0x0000000610c00000| Untracked 
|  60|0x0000000611000000, 0x0000000611000000, 0x0000000611400000|  0%| F|  |TAMS 0x0000000611000000, 0x0000000611000000| Untracked 
|  61|0x0000000611400000, 0x0000000611400000, 0x0000000611800000|  0%| F|  |TAMS 0x0000000611400000, 0x0000000611400000| Untracked 
|  62|0x0000000611800000, 0x0000000611800000, 0x0000000611c00000|  0%| F|  |TAMS 0x0000000611800000, 0x0000000611800000| Untracked 
|  63|0x0000000611c00000, 0x0000000611c00000, 0x0000000612000000|  0%| F|  |TAMS 0x0000000611c00000, 0x0000000611c00000| Untracked 
|  64|0x0000000612000000, 0x0000000612000000, 0x0000000612400000|  0%| F|  |TAMS 0x0000000612000000, 0x0000000612000000| Untracked 
|  65|0x0000000612400000, 0x0000000612400000, 0x0000000612800000|  0%| F|  |TAMS 0x0000000612400000, 0x0000000612400000| Untracked 
|  66|0x0000000612800000, 0x0000000612800000, 0x0000000612c00000|  0%| F|  |TAMS 0x0000000612800000, 0x0000000612800000| Untracked 
|  67|0x0000000612c00000, 0x0000000612c00000, 0x0000000613000000|  0%| F|  |TAMS 0x0000000612c00000, 0x0000000612c00000| Untracked 
|  68|0x0000000613000000, 0x0000000613000000, 0x0000000613400000|  0%| F|  |TAMS 0x0000000613000000, 0x0000000613000000| Untracked 
|  69|0x0000000613400000, 0x0000000613400000, 0x0000000613800000|  0%| F|  |TAMS 0x0000000613400000, 0x0000000613400000| Untracked 
|  70|0x0000000613800000, 0x0000000613800000, 0x0000000613c00000|  0%| F|  |TAMS 0x0000000613800000, 0x0000000613800000| Untracked 
|  71|0x0000000613c00000, 0x0000000613c00000, 0x0000000614000000|  0%| F|  |TAMS 0x0000000613c00000, 0x0000000613c00000| Untracked 
|  72|0x0000000614000000, 0x0000000614000000, 0x0000000614400000|  0%| F|  |TAMS 0x0000000614000000, 0x0000000614000000| Untracked 
|  73|0x0000000614400000, 0x0000000614400000, 0x0000000614800000|  0%| F|  |TAMS 0x0000000614400000, 0x0000000614400000| Untracked 
|  74|0x0000000614800000, 0x0000000614800000, 0x0000000614c00000|  0%| F|  |TAMS 0x0000000614800000, 0x0000000614800000| Untracked 
|  75|0x0000000614c00000, 0x0000000614c00000, 0x0000000615000000|  0%| F|  |TAMS 0x0000000614c00000, 0x0000000614c00000| Untracked 
|  76|0x0000000615000000, 0x0000000615000000, 0x0000000615400000|  0%| F|  |TAMS 0x0000000615000000, 0x0000000615000000| Untracked 
|  77|0x0000000615400000, 0x0000000615400000, 0x0000000615800000|  0%| F|  |TAMS 0x0000000615400000, 0x0000000615400000| Untracked 
|  78|0x0000000615800000, 0x0000000615800000, 0x0000000615c00000|  0%| F|  |TAMS 0x0000000615800000, 0x0000000615800000| Untracked 
|  79|0x0000000615c00000, 0x0000000615c00000, 0x0000000616000000|  0%| F|  |TAMS 0x0000000615c00000, 0x0000000615c00000| Untracked 
|  80|0x0000000616000000, 0x0000000616000000, 0x0000000616400000|  0%| F|  |TAMS 0x0000000616000000, 0x0000000616000000| Untracked 
|  81|0x0000000616400000, 0x0000000616400000, 0x0000000616800000|  0%| F|  |TAMS 0x0000000616400000, 0x0000000616400000| Untracked 
|  82|0x0000000616800000, 0x0000000616800000, 0x0000000616c00000|  0%| F|  |TAMS 0x0000000616800000, 0x0000000616800000| Untracked 
|  83|0x0000000616c00000, 0x0000000616c00000, 0x0000000617000000|  0%| F|  |TAMS 0x0000000616c00000, 0x0000000616c00000| Untracked 
|  84|0x0000000617000000, 0x0000000617000000, 0x0000000617400000|  0%| F|  |TAMS 0x0000000617000000, 0x0000000617000000| Untracked 
|  85|0x0000000617400000, 0x0000000617400000, 0x0000000617800000|  0%| F|  |TAMS 0x0000000617400000, 0x0000000617400000| Untracked 
|  86|0x0000000617800000, 0x0000000617800000, 0x0000000617c00000|  0%| F|  |TAMS 0x0000000617800000, 0x0000000617800000| Untracked 
|  87|0x0000000617c00000, 0x0000000617c00000, 0x0000000618000000|  0%| F|  |TAMS 0x0000000617c00000, 0x0000000617c00000| Untracked 
|  88|0x0000000618000000, 0x0000000618000000, 0x0000000618400000|  0%| F|  |TAMS 0x0000000618000000, 0x0000000618000000| Untracked 
|  89|0x0000000618400000, 0x0000000618400000, 0x0000000618800000|  0%| F|  |TAMS 0x0000000618400000, 0x0000000618400000| Untracked 
|  90|0x0000000618800000, 0x0000000618800000, 0x0000000618c00000|  0%| F|  |TAMS 0x0000000618800000, 0x0000000618800000| Untracked 
|  91|0x0000000618c00000, 0x0000000618c00000, 0x0000000619000000|  0%| F|  |TAMS 0x0000000618c00000, 0x0000000618c00000| Untracked 
|  92|0x0000000619000000, 0x0000000619000000, 0x0000000619400000|  0%| F|  |TAMS 0x0000000619000000, 0x0000000619000000| Untracked 
|  93|0x0000000619400000, 0x0000000619400000, 0x0000000619800000|  0%| F|  |TAMS 0x0000000619400000, 0x0000000619400000| Untracked 
|  94|0x0000000619800000, 0x0000000619800000, 0x0000000619c00000|  0%| F|  |TAMS 0x0000000619800000, 0x0000000619800000| Untracked 
|  95|0x0000000619c00000, 0x0000000619c00000, 0x000000061a000000|  0%| F|  |TAMS 0x0000000619c00000, 0x0000000619c00000| Untracked 
|  96|0x000000061a000000, 0x000000061a000000, 0x000000061a400000|  0%| F|  |TAMS 0x000000061a000000, 0x000000061a000000| Untracked 
|  97|0x000000061a400000, 0x000000061a400000, 0x000000061a800000|  0%| F|  |TAMS 0x000000061a400000, 0x000000061a400000| Untracked 
|  98|0x000000061a800000, 0x000000061a800000, 0x000000061ac00000|  0%| F|  |TAMS 0x000000061a800000, 0x000000061a800000| Untracked 
|  99|0x000000061ac00000, 0x000000061ac00000, 0x000000061b000000|  0%| F|  |TAMS 0x000000061ac00000, 0x000000061ac00000| Untracked 
| 100|0x000000061b000000, 0x000000061b000000, 0x000000061b400000|  0%| F|  |TAMS 0x000000061b000000, 0x000000061b000000| Untracked 
| 101|0x000000061b400000, 0x000000061b400000, 0x000000061b800000|  0%| F|  |TAMS 0x000000061b400000, 0x000000061b400000| Untracked 
| 102|0x000000061b800000, 0x000000061b800000, 0x000000061bc00000|  0%| F|  |TAMS 0x000000061b800000, 0x000000061b800000| Untracked 
| 103|0x000000061bc00000, 0x000000061bc00000, 0x000000061c000000|  0%| F|  |TAMS 0x000000061bc00000, 0x000000061bc00000| Untracked 
| 104|0x000000061c000000, 0x000000061c000000, 0x000000061c400000|  0%| F|  |TAMS 0x000000061c000000, 0x000000061c000000| Untracked 
| 105|0x000000061c400000, 0x000000061c400000, 0x000000061c800000|  0%| F|  |TAMS 0x000000061c400000, 0x000000061c400000| Untracked 
| 106|0x000000061c800000, 0x000000061c800000, 0x000000061cc00000|  0%| F|  |TAMS 0x000000061c800000, 0x000000061c800000| Untracked 
| 107|0x000000061cc00000, 0x000000061cc00000, 0x000000061d000000|  0%| F|  |TAMS 0x000000061cc00000, 0x000000061cc00000| Untracked 
| 108|0x000000061d000000, 0x000000061d000000, 0x000000061d400000|  0%| F|  |TAMS 0x000000061d000000, 0x000000061d000000| Untracked 
| 109|0x000000061d400000, 0x000000061d400000, 0x000000061d800000|  0%| F|  |TAMS 0x000000061d400000, 0x000000061d400000| Untracked 
| 110|0x000000061d800000, 0x000000061d800000, 0x000000061dc00000|  0%| F|  |TAMS 0x000000061d800000, 0x000000061d800000| Untracked 
| 111|0x000000061dc00000, 0x000000061dc00000, 0x000000061e000000|  0%| F|  |TAMS 0x000000061dc00000, 0x000000061dc00000| Untracked 
| 112|0x000000061e000000, 0x000000061e000000, 0x000000061e400000|  0%| F|  |TAMS 0x000000061e000000, 0x000000061e000000| Untracked 
| 113|0x000000061e400000, 0x000000061e400000, 0x000000061e800000|  0%| F|  |TAMS 0x000000061e400000, 0x000000061e400000| Untracked 
| 114|0x000000061e800000, 0x000000061e800000, 0x000000061ec00000|  0%| F|  |TAMS 0x000000061e800000, 0x000000061e800000| Untracked 
| 115|0x000000061ec00000, 0x000000061ec00000, 0x000000061f000000|  0%| F|  |TAMS 0x000000061ec00000, 0x000000061ec00000| Untracked 
| 116|0x000000061f000000, 0x000000061f000000, 0x000000061f400000|  0%| F|  |TAMS 0x000000061f000000, 0x000000061f000000| Untracked 
| 117|0x000000061f400000, 0x000000061f400000, 0x000000061f800000|  0%| F|  |TAMS 0x000000061f400000, 0x000000061f400000| Untracked 
| 118|0x000000061f800000, 0x000000061f800000, 0x000000061fc00000|  0%| F|  |TAMS 0x000000061f800000, 0x000000061f800000| Untracked 
| 119|0x000000061fc00000, 0x000000061fc00000, 0x0000000620000000|  0%| F|  |TAMS 0x000000061fc00000, 0x000000061fc00000| Untracked 
| 120|0x0000000620000000, 0x0000000620000000, 0x0000000620400000|  0%| F|  |TAMS 0x0000000620000000, 0x0000000620000000| Untracked 
| 121|0x0000000620400000, 0x00000006206dabf8, 0x0000000620800000| 71%| S|CS|TAMS 0x0000000620400000, 0x0000000620400000| Complete 
| 122|0x0000000620800000, 0x0000000620800000, 0x0000000620c00000|  0%| F|  |TAMS 0x0000000620800000, 0x0000000620800000| Untracked 
| 123|0x0000000620c00000, 0x0000000620c00000, 0x0000000621000000|  0%| F|  |TAMS 0x0000000620c00000, 0x0000000620c00000| Untracked 
| 124|0x0000000621000000, 0x0000000621111d68, 0x0000000621400000| 26%| E|  |TAMS 0x0000000621000000, 0x0000000621000000| Complete 
| 125|0x0000000621400000, 0x0000000621800000, 0x0000000621800000|100%| E|CS|TAMS 0x0000000621400000, 0x0000000621400000| Complete 
| 126|0x0000000621800000, 0x0000000621c00000, 0x0000000621c00000|100%| E|CS|TAMS 0x0000000621800000, 0x0000000621800000| Complete 
| 127|0x0000000621c00000, 0x0000000622000000, 0x0000000622000000|100%| E|CS|TAMS 0x0000000621c00000, 0x0000000621c00000| Complete 

Card table byte_map: [0x000001e775e60000,0x000001e776e50000] _byte_map_base: 0x000001e772e50000

Marking Bits (Prev, Next): (CMBitMap*) 0x000001e75e361d50, (CMBitMap*) 0x000001e75e361d90
 Prev Bits: [0x000001e777e40000, 0x000001e77fdc0000)
 Next Bits: [0x000001e700000000, 0x000001e707f80000)

Polling page: 0x000001e75c210000

Metaspace:

Usage:
  Non-class:      4.86 MB used.
      Class:    324.13 KB used.
       Both:      5.18 MB used.

Virtual space:
  Non-class space:        8.00 MB reserved,       4.94 MB ( 62%) committed,  1 nodes.
      Class space:        1.00 GB reserved,     448.00 KB ( <1%) committed,  1 nodes.
             Both:        1.01 GB reserved,       5.38 MB ( <1%) committed. 

Chunk freelists:
   Non-Class:  1.27 MB
       Class:  3.60 MB
        Both:  4.86 MB

MaxMetaspaceSize: unlimited
CompressedClassSpaceSize: 1.00 GB
Initial GC threshold: 21.00 MB
Current GC threshold: 21.00 MB
CDS: on
MetaspaceReclaimPolicy: balanced
 - commit_granule_bytes: 65536.
 - commit_granule_words: 8192.
 - virtual_space_node_default_size: 1048576.
 - enlarge_chunks_in_place: 1.
 - new_chunks_are_fully_committed: 0.
 - uncommit_free_chunks: 1.
 - use_allocation_guard: 0.
 - handle_deallocations: 1.


Internal statistics:

num_allocs_failed_limit: 0.
num_arena_births: 98.
num_arena_deaths: 0.
num_vsnodes_births: 2.
num_vsnodes_deaths: 0.
num_space_committed: 84.
num_space_uncommitted: 0.
num_chunks_returned_to_freelist: 0.
num_chunks_taken_from_freelist: 221.
num_chunk_merges: 0.
num_chunk_splits: 150.
num_chunks_enlarged: 104.
num_purges: 0.
num_inconsistent_stats: 0.

CodeHeap 'non-profiled nmethods': size=120000Kb used=367Kb max_used=367Kb free=119632Kb
 bounds [0x000001e76d610000, 0x000001e76d880000, 0x000001e774b40000]
CodeHeap 'profiled nmethods': size=120000Kb used=1635Kb max_used=1635Kb free=118364Kb
 bounds [0x000001e765b40000, 0x000001e765db0000, 0x000001e76d070000]
CodeHeap 'non-nmethods': size=5760Kb used=1633Kb max_used=1665Kb free=4126Kb
 bounds [0x000001e76d070000, 0x000001e76d2e0000, 0x000001e76d610000]
 total_blobs=2122 nmethods=1045 adapters=990
 compilation: enabled
              stopped_count=0, restarted_count=0
 full_count=0

Compilation events (20 events):
Event: 1.161 Thread 0x000001e7103e5a90 nmethod 1025% 0x000001e76d665210 code [0x000001e76d6653c0, 0x000001e76d665978]
Event: 1.161 Thread 0x000001e77ffb17f0 1036       3       java.util.stream.StreamSupport::stream (19 bytes)
Event: 1.161 Thread 0x000001e77ffb17f0 nmethod 1036 0x000001e765cd6590 code [0x000001e765cd6760, 0x000001e765cd6b88]
Event: 1.161 Thread 0x000001e77ffb17f0 1035       3       java.util.ArrayList::spliterator (12 bytes)
Event: 1.161 Thread 0x000001e77ffb17f0 nmethod 1035 0x000001e765cd6d90 code [0x000001e765cd6f40, 0x000001e765cd71d8]
Event: 1.162 Thread 0x000001e7103e5a90 1037 %     4       Model::processMesh @ 149 (415 bytes)
Event: 1.164 Thread 0x000001e77ffb17f0 1039       3       java.util.Arrays::equals (43 bytes)
Event: 1.164 Thread 0x000001e77ffb17f0 nmethod 1039 0x000001e765cd7310 code [0x000001e765cd74e0, 0x000001e765cd77c8]
Event: 1.164 Thread 0x000001e77ffb17f0 1041       3       java.lang.invoke.LambdaFormEditor$TransformKey::inRange (36 bytes)
Event: 1.164 Thread 0x000001e77ffb17f0 nmethod 1041 0x000001e765cd7890 code [0x000001e765cd7a20, 0x000001e765cd7b78]
Event: 1.166 Thread 0x000001e77ffb17f0 1043       1       java.util.zip.ZipEntry::getName (5 bytes)
Event: 1.166 Thread 0x000001e77ffb17f0 nmethod 1043 0x000001e76d666590 code [0x000001e76d666720, 0x000001e76d6667f8]
Event: 1.168 Thread 0x000001e77ffb0220 nmethod 1032 0x000001e76d666d10 code [0x000001e76d666ee0, 0x000001e76d667548]
Event: 1.168 Thread 0x000001e77ffb0220 1038       4       java.util.ArrayList$ArrayListSpliterator::forEachRemaining (127 bytes)
Event: 1.175 Thread 0x000001e77ffb0220 nmethod 1038 0x000001e76d667c90 code [0x000001e76d667e40, 0x000001e76d668398]
Event: 1.200 Thread 0x000001e7103e5a90 nmethod 1037% 0x000001e76d668710 code [0x000001e76d668ae0, 0x000001e76d66aae0]
Event: 1.506 Thread 0x000001e7103e5a90 1045       4       java.nio.ByteOrder::nativeOrder (4 bytes)
Event: 1.506 Thread 0x000001e7103e5a90 nmethod 1045 0x000001e76d66bb90 code [0x000001e76d66bd00, 0x000001e76d66bd58]
Event: 1.564 Thread 0x000001e77ffb17f0 1046       3       java.nio.Buffer::<init> (105 bytes)
Event: 1.565 Thread 0x000001e77ffb17f0 nmethod 1046 0x000001e765cd7c10 code [0x000001e765cd7ec0, 0x000001e765cd8a38]

GC Heap History (2 events):
Event: 1.135 GC heap before
{Heap before GC invocations=0 (full 0):
 garbage-first heap   total 524288K, used 24576K [0x0000000602000000, 0x0000000800000000)
  region size 4096K, 6 young (24576K), 0 survivors (0K)
 Metaspace       used 5275K, committed 5504K, reserved 1056768K
  class space    used 322K, committed 448K, reserved 1048576K
}
Event: 1.138 GC heap after
{Heap after GC invocations=1 (full 0):
 garbage-first heap   total 524288K, used 2922K [0x0000000602000000, 0x0000000800000000)
  region size 4096K, 1 young (4096K), 1 survivors (4096K)
 Metaspace       used 5275K, committed 5504K, reserved 1056768K
  class space    used 322K, committed 448K, reserved 1048576K
}

Deoptimization events (20 events):
Event: 0.777 Thread 0x000001e75e2b5be0 Uncommon trap: trap_request=0xffffffde fr.pc=0x000001e76d64a214 relative=0x0000000000000554
Event: 0.777 Thread 0x000001e75e2b5be0 Uncommon trap: reason=class_check action=maybe_recompile pc=0x000001e76d64a214 method=java.util.HashMap.getNode(Ljava/lang/Object;)Ljava/util/HashMap$Node; @ 128 c2
Event: 0.777 Thread 0x000001e75e2b5be0 DEOPT PACKING pc=0x000001e76d64a214 sp=0x0000002f0ddfd7d0
Event: 0.777 Thread 0x000001e75e2b5be0 DEOPT UNPACKING pc=0x000001e76d0c23a3 sp=0x0000002f0ddfd748 mode 2
Event: 0.863 Thread 0x000001e75e2b5be0 Uncommon trap: trap_request=0xffffffde fr.pc=0x000001e76d64a214 relative=0x0000000000000554
Event: 0.863 Thread 0x000001e75e2b5be0 Uncommon trap: reason=class_check action=maybe_recompile pc=0x000001e76d64a214 method=java.util.HashMap.getNode(Ljava/lang/Object;)Ljava/util/HashMap$Node; @ 128 c2
Event: 0.863 Thread 0x000001e75e2b5be0 DEOPT PACKING pc=0x000001e76d64a214 sp=0x0000002f0ddfe250
Event: 0.863 Thread 0x000001e75e2b5be0 DEOPT UNPACKING pc=0x000001e76d0c23a3 sp=0x0000002f0ddfe1c8 mode 2
Event: 0.944 Thread 0x000001e75e2b5be0 DEOPT PACKING pc=0x000001e765c9528f sp=0x0000002f0ddfe630
Event: 0.944 Thread 0x000001e75e2b5be0 DEOPT UNPACKING pc=0x000001e76d0c2b43 sp=0x0000002f0ddfda50 mode 0
Event: 0.947 Thread 0x000001e75e2b5be0 DEOPT PACKING pc=0x000001e765c04952 sp=0x0000002f0ddfe600
Event: 0.947 Thread 0x000001e75e2b5be0 DEOPT UNPACKING pc=0x000001e76d0c2b43 sp=0x0000002f0ddfda98 mode 0
Event: 1.156 Thread 0x000001e75e2b5be0 DEOPT PACKING pc=0x000001e765cc1152 sp=0x0000002f0ddff200
Event: 1.156 Thread 0x000001e75e2b5be0 DEOPT UNPACKING pc=0x000001e76d0c2b43 sp=0x0000002f0ddfe750 mode 0
Event: 1.162 Thread 0x000001e75e2b5be0 DEOPT PACKING pc=0x000001e765cc7e38 sp=0x0000002f0ddff0c0
Event: 1.162 Thread 0x000001e75e2b5be0 DEOPT UNPACKING pc=0x000001e76d0c2b43 sp=0x0000002f0ddfe570 mode 0
Event: 1.165 Thread 0x000001e75e2b5be0 Uncommon trap: trap_request=0xffffffcc fr.pc=0x000001e76d662924 relative=0x0000000000000204
Event: 1.165 Thread 0x000001e75e2b5be0 Uncommon trap: reason=intrinsic_or_type_checked_inlining action=make_not_entrant pc=0x000001e76d662924 method=java.util.Arrays.copyOf([Ljava/lang/Object;ILjava/lang/Class;)[Ljava/lang/Object; @ 35 c2
Event: 1.165 Thread 0x000001e75e2b5be0 DEOPT PACKING pc=0x000001e76d662924 sp=0x0000002f0ddfe850
Event: 1.165 Thread 0x000001e75e2b5be0 DEOPT UNPACKING pc=0x000001e76d0c23a3 sp=0x0000002f0ddfe7f8 mode 2

Classes unloaded (0 events):
No events

Classes redefined (0 events):
No events

Internal exceptions (20 events):
Event: 0.187 Thread 0x000001e75e2b5be0 Exception <a 'sun/nio/fs/WindowsException'{0x0000000621996b40}> (0x0000000621996b40) 
thrown [s\open\src\hotspot\share\prims\jni.cpp, line 516]
Event: 0.187 Thread 0x000001e75e2b5be0 Exception <a 'sun/nio/fs/WindowsException'{0x00000006219970a0}> (0x00000006219970a0) 
thrown [s\open\src\hotspot\share\prims\jni.cpp, line 516]
Event: 0.233 Thread 0x000001e75e2b5be0 Exception <a 'sun/nio/fs/WindowsException'{0x0000000621a10fd0}> (0x0000000621a10fd0) 
thrown [s\open\src\hotspot\share\prims\jni.cpp, line 516]
Event: 0.233 Thread 0x000001e75e2b5be0 Exception <a 'sun/nio/fs/WindowsException'{0x0000000621a11348}> (0x0000000621a11348) 
thrown [s\open\src\hotspot\share\prims\jni.cpp, line 516]
Event: 0.242 Thread 0x000001e75e2b5be0 Exception <a 'java/lang/NoSuchMethodError'{0x0000000621a5d4d8}: 'int java.lang.invoke.DirectMethodHandle$Holder.invokeStaticInit(java.lang.Object, java.lang.Object, int, long)'> (0x0000000621a5d4d8) 
thrown [s\open\src\hotspot\share\interpreter\linkResolver.cpp, line 759]
Event: 0.242 Thread 0x000001e75e2b5be0 Exception <a 'java/lang/NoSuchMethodError'{0x0000000621a62da0}: 'java.lang.Object java.lang.invoke.DirectMethodHandle$Holder.newInvokeSpecial(java.lang.Object, java.lang.Object, int)'> (0x0000000621a62da0) 
thrown [s\open\src\hotspot\share\interpreter\linkResolver.cpp, line 759]
Event: 0.244 Thread 0x000001e75e2b5be0 Exception <a 'java/lang/NoSuchMethodError'{0x0000000621a71e10}: 'int java.lang.invoke.DirectMethodHandle$Holder.invokeStaticInit(java.lang.Object, java.lang.Object, long, long)'> (0x0000000621a71e10) 
thrown [s\open\src\hotspot\share\interpreter\linkResolver.cpp, line 759]
Event: 0.245 Thread 0x000001e75e2b5be0 Exception <a 'java/lang/NoSuchMethodError'{0x0000000621a77f20}: 'java.lang.Object java.lang.invoke.DirectMethodHandle$Holder.newInvokeSpecial(java.lang.Object, java.lang.Object, long)'> (0x0000000621a77f20) 
thrown [s\open\src\hotspot\share\interpreter\linkResolver.cpp, line 759]
Event: 0.246 Thread 0x000001e75e2b5be0 Exception <a 'java/lang/NoSuchMethodError'{0x0000000621a7c210}: 'java.lang.Object java.lang.invoke.Invokers$Holder.linkToTargetMethod(java.lang.Object, long, java.lang.Object)'> (0x0000000621a7c210) 
thrown [s\open\src\hotspot\share\interpreter\linkResolver.cpp, line 759]
Event: 0.246 Thread 0x000001e75e2b5be0 Exception <a 'java/lang/NoSuchMethodError'{0x0000000621a83928}: 'int java.lang.invoke.DirectMethodHandle$Holder.invokeStaticInit(java.lang.Object, java.lang.Object, java.lang.Object, long)'> (0x0000000621a83928) 
thrown [s\open\src\hotspot\share\interpreter\linkResolver.cpp, line 759]
Event: 0.593 Thread 0x000001e75e2b5be0 Exception <a 'sun/nio/fs/WindowsException'{0x0000000621b1dd70}> (0x0000000621b1dd70) 
thrown [s\open\src\hotspot\share\prims\jni.cpp, line 516]
Event: 0.593 Thread 0x000001e75e2b5be0 Exception <a 'sun/nio/fs/WindowsException'{0x0000000621b1e120}> (0x0000000621b1e120) 
thrown [s\open\src\hotspot\share\prims\jni.cpp, line 516]
Event: 0.609 Thread 0x000001e75e2b5be0 Exception <a 'sun/nio/fs/WindowsException'{0x0000000621b29870}> (0x0000000621b29870) 
thrown [s\open\src\hotspot\share\prims\jni.cpp, line 516]
Event: 0.609 Thread 0x000001e75e2b5be0 Exception <a 'sun/nio/fs/WindowsException'{0x0000000621b29b60}> (0x0000000621b29b60) 
thrown [s\open\src\hotspot\share\prims\jni.cpp, line 516]
Event: 0.783 Thread 0x000001e75e2b5be0 Exception <a 'sun/nio/fs/WindowsException'{0x0000000621740018}> (0x0000000621740018) 
thrown [s\open\src\hotspot\share\prims\jni.cpp, line 516]
Event: 0.783 Thread 0x000001e75e2b5be0 Exception <a 'sun/nio/fs/WindowsException'{0x00000006217403a8}> (0x00000006217403a8) 
thrown [s\open\src\hotspot\share\prims\jni.cpp, line 516]
Event: 0.878 Thread 0x000001e75e2b5be0 Exception <a 'sun/nio/fs/WindowsException'{0x0000000621799590}> (0x0000000621799590) 
thrown [s\open\src\hotspot\share\prims\jni.cpp, line 516]
Event: 0.878 Thread 0x000001e75e2b5be0 Exception <a 'sun/nio/fs/WindowsException'{0x0000000621799918}> (0x0000000621799918) 
thrown [s\open\src\hotspot\share\prims\jni.cpp, line 516]
Event: 0.938 Thread 0x000001e75e2b5be0 Exception <a 'sun/nio/fs/WindowsException'{0x00000006217aa7e0}> (0x00000006217aa7e0) 
thrown [s\open\src\hotspot\share\prims\jni.cpp, line 516]
Event: 0.938 Thread 0x000001e75e2b5be0 Exception <a 'sun/nio/fs/WindowsException'{0x00000006217aab70}> (0x00000006217aab70) 
thrown [s\open\src\hotspot\share\prims\jni.cpp, line 516]

VM Operations (4 events):
Event: 0.129 Executing VM operation: HandshakeAllThreads
Event: 0.129 Executing VM operation: HandshakeAllThreads done
Event: 1.135 Executing VM operation: G1CollectForAllocation
Event: 1.138 Executing VM operation: G1CollectForAllocation done

Events (20 events):
Event: 1.094 loading class sun/util/locale/provider/TimeZoneNameUtility
Event: 1.094 loading class sun/util/locale/provider/TimeZoneNameUtility done
Event: 1.094 loading class sun/util/locale/provider/TimeZoneNameUtility$TimeZoneNameGetter
Event: 1.094 loading class sun/util/locale/provider/TimeZoneNameUtility$TimeZoneNameGetter done
Event: 1.095 loading class sun/util/cldr/CLDRTimeZoneNameProviderImpl
Event: 1.095 loading class sun/util/locale/provider/TimeZoneNameProviderImpl
Event: 1.095 loading class sun/util/locale/provider/TimeZoneNameProviderImpl done
Event: 1.095 loading class sun/util/cldr/CLDRTimeZoneNameProviderImpl done
Event: 1.097 loading class sun/util/locale/provider/BaseLocaleDataMetaInfo
Event: 1.097 loading class sun/util/locale/provider/BaseLocaleDataMetaInfo done
Event: 1.098 loading class sun/util/resources/cldr/TimeZoneNames
Event: 1.099 loading class sun/util/resources/TimeZoneNamesBundle
Event: 1.099 loading class sun/util/resources/OpenListResourceBundle
Event: 1.099 loading class sun/util/resources/OpenListResourceBundle done
Event: 1.099 loading class sun/util/resources/TimeZoneNamesBundle done
Event: 1.099 loading class sun/util/resources/cldr/TimeZoneNames done
Event: 1.099 loading class sun/util/resources/cldr/TimeZoneNames_en
Event: 1.099 loading class sun/util/resources/cldr/TimeZoneNames_en done
Event: 1.100 loading class sun/util/resources/cldr/TimeZoneNames_en_US
Event: 1.100 loading class sun/util/resources/cldr/TimeZoneNames_en_US done


Dynamic libraries:
0x00007ff7e0250000 - 0x00007ff7e0260000 	C:\Program Files\Java\jdk-17\bin\java.exe
0x00007ffa410f0000 - 0x00007ffa412e8000 	C:\WINDOWS\SYSTEM32\ntdll.dll
0x00007ffa3fb50000 - 0x00007ffa3fc0f000 	C:\WINDOWS\System32\KERNEL32.DLL
0x00007ffa3eb10000 - 0x00007ffa3ee06000 	C:\WINDOWS\System32\KERNELBASE.dll
0x00007ffa3e8a0000 - 0x00007ffa3e9a0000 	C:\WINDOWS\System32\ucrtbase.dll
0x00007ffa1cc00000 - 0x00007ffa1cc18000 	C:\Program Files\Java\jdk-17\bin\jli.dll
0x00007ffa1d400000 - 0x00007ffa1d41b000 	C:\Program Files\Java\jdk-17\bin\VCRUNTIME140.dll
0x00007ffa3fdd0000 - 0x00007ffa3fe7f000 	C:\WINDOWS\System32\ADVAPI32.dll
0x00007ffa3f150000 - 0x00007ffa3f1ee000 	C:\WINDOWS\System32\msvcrt.dll
0x00007ffa3fe80000 - 0x00007ffa3ff1c000 	C:\WINDOWS\System32\sechost.dll
0x00007ffa3f620000 - 0x00007ffa3f746000 	C:\WINDOWS\System32\RPCRT4.dll
0x00007ffa3f250000 - 0x00007ffa3f3ed000 	C:\WINDOWS\System32\USER32.dll
0x00007ffa27270000 - 0x00007ffa2750a000 	C:\WINDOWS\WinSxS\amd64_microsoft.windows.common-controls_6595b64144ccf1df_6.0.19041.1110_none_60b5254171f9507e\COMCTL32.dll
0x00007ffa3eea0000 - 0x00007ffa3eec2000 	C:\WINDOWS\System32\win32u.dll
0x00007ffa409f0000 - 0x00007ffa40a1c000 	C:\WINDOWS\System32\GDI32.dll
0x00007ffa3e9a0000 - 0x00007ffa3eab5000 	C:\WINDOWS\System32\gdi32full.dll
0x00007ffa3e7d0000 - 0x00007ffa3e86d000 	C:\WINDOWS\System32\msvcp_win.dll
0x00007ffa36ce0000 - 0x00007ffa36cea000 	C:\WINDOWS\SYSTEM32\VERSION.dll
0x00007ffa3f750000 - 0x00007ffa3f780000 	C:\WINDOWS\System32\IMM32.DLL
0x00007ffa341d0000 - 0x00007ffa341dc000 	C:\Program Files\Java\jdk-17\bin\vcruntime140_1.dll
0x00007ff9e4310000 - 0x00007ff9e439e000 	C:\Program Files\Java\jdk-17\bin\msvcp140.dll
0x00007ff938cc0000 - 0x00007ff939897000 	C:\Program Files\Java\jdk-17\bin\server\jvm.dll
0x00007ffa40ef0000 - 0x00007ffa40ef8000 	C:\WINDOWS\System32\PSAPI.DLL
0x00007ffa31240000 - 0x00007ffa31249000 	C:\WINDOWS\SYSTEM32\WSOCK32.dll
0x00007ffa34e80000 - 0x00007ffa34ea7000 	C:\WINDOWS\SYSTEM32\WINMM.dll
0x00007ffa3f7e0000 - 0x00007ffa3f84b000 	C:\WINDOWS\System32\WS2_32.dll
0x00007ffa3cfe0000 - 0x00007ffa3cff2000 	C:\WINDOWS\SYSTEM32\kernel.appcore.dll
0x00007ffa1de90000 - 0x00007ffa1de9a000 	C:\Program Files\Java\jdk-17\bin\jimage.dll
0x00007ffa3c510000 - 0x00007ffa3c6f4000 	C:\WINDOWS\SYSTEM32\DBGHELP.DLL
0x00007ffa35970000 - 0x00007ffa359a4000 	C:\WINDOWS\SYSTEM32\dbgcore.DLL
0x00007ffa3ee10000 - 0x00007ffa3ee92000 	C:\WINDOWS\System32\bcryptPrimitives.dll
0x00007ffa34da0000 - 0x00007ffa34dae000 	C:\Program Files\Java\jdk-17\bin\instrument.dll
0x00007ffa1b520000 - 0x00007ffa1b545000 	C:\Program Files\Java\jdk-17\bin\java.dll
0x00007ff993e60000 - 0x00007ff993f37000 	C:\Program Files\Java\jdk-17\bin\jsvml.dll
0x00007ffa3ff20000 - 0x00007ffa40664000 	C:\WINDOWS\System32\SHELL32.dll
0x00007ffa3c800000 - 0x00007ffa3cf94000 	C:\WINDOWS\SYSTEM32\windows.storage.dll
0x00007ffa40670000 - 0x00007ffa409c4000 	C:\WINDOWS\System32\combase.dll
0x00007ffa3e130000 - 0x00007ffa3e15e000 	C:\WINDOWS\SYSTEM32\Wldp.dll
0x00007ffa3fd20000 - 0x00007ffa3fdcd000 	C:\WINDOWS\System32\SHCORE.dll
0x00007ffa3f780000 - 0x00007ffa3f7d5000 	C:\WINDOWS\System32\shlwapi.dll
0x00007ffa3e700000 - 0x00007ffa3e725000 	C:\WINDOWS\SYSTEM32\profapi.dll
0x00007ffa1a140000 - 0x00007ffa1a158000 	C:\Program Files\Java\jdk-17\bin\zip.dll
0x00007ffa1b3e0000 - 0x00007ffa1b3f9000 	C:\Program Files\Java\jdk-17\bin\net.dll
0x00007ffa379e0000 - 0x00007ffa37aea000 	C:\WINDOWS\SYSTEM32\WINHTTP.dll
0x00007ffa3df10000 - 0x00007ffa3df7a000 	C:\WINDOWS\system32\mswsock.dll
0x00007ffa1b3c0000 - 0x00007ffa1b3d6000 	C:\Program Files\Java\jdk-17\bin\nio.dll
0x00007ffa20060000 - 0x00007ffa2007a000 	C:\Program Files\JetBrains\Intellij\IntelliJ IDEA Community Edition 2020.3.2\bin\breakgen64.dll
0x00007ff9facd0000 - 0x00007ff9fad4a000 	C:\Users\Philip\AppData\Local\Temp\lwjgl_Philip\3.3.2+13\x64\lwjgl.dll
0x00007ff9950e0000 - 0x00007ff995162000 	C:\Users\Philip\AppData\Local\Temp\lwjgl_Philip\3.3.2+13\x64\glfw.dll
0x00007ff9fb170000 - 0x00007ff9fb1b5000 	C:\WINDOWS\SYSTEM32\dinput8.dll
0x00007ffa1ee20000 - 0x00007ffa1ee31000 	C:\WINDOWS\SYSTEM32\xinput1_4.dll
0x00007ffa3eac0000 - 0x00007ffa3eb0e000 	C:\WINDOWS\System32\cfgmgr32.dll
0x00007ffa3e560000 - 0x00007ffa3e593000 	C:\WINDOWS\SYSTEM32\DEVOBJ.dll
0x00007ffa3bf80000 - 0x00007ffa3bfaf000 	C:\WINDOWS\SYSTEM32\dwmapi.dll
0x00007ffa22b00000 - 0x00007ffa22c52000 	C:\WINDOWS\SYSTEM32\inputhost.dll
0x00007ffa3b690000 - 0x00007ffa3b782000 	C:\WINDOWS\SYSTEM32\CoreMessaging.dll
0x00007ffa3f990000 - 0x00007ffa3fa5d000 	C:\WINDOWS\System32\OLEAUT32.dll
0x00007ffa3b9a0000 - 0x00007ffa3ba96000 	C:\WINDOWS\SYSTEM32\PROPSYS.dll
0x00007ffa39f90000 - 0x00007ffa3a0e4000 	C:\WINDOWS\SYSTEM32\wintypes.dll
0x00007ffa3b330000 - 0x00007ffa3b68e000 	C:\WINDOWS\SYSTEM32\CoreUIComponents.dll
0x00007ffa3d900000 - 0x00007ffa3d933000 	C:\WINDOWS\SYSTEM32\ntmarta.dll
0x00007ffa3bd60000 - 0x00007ffa3bdfe000 	C:\WINDOWS\system32\uxtheme.dll
0x00007ffa3f3f0000 - 0x00007ffa3f504000 	C:\WINDOWS\System32\MSCTF.dll
0x00007ffa00b70000 - 0x00007ffa00c95000 	C:\WINDOWS\SYSTEM32\opengl32.dll
0x00007ffa00d70000 - 0x00007ffa00d9c000 	C:\WINDOWS\SYSTEM32\GLU32.dll
0x00007ffa3f570000 - 0x00007ffa3f619000 	C:\WINDOWS\System32\clbcatq.dll
0x00007ff933f00000 - 0x00007ff937b57000 	C:\WINDOWS\System32\DriverStore\FileRepository\nvdmsig.inf_amd64_113d1c576ad5b5e0\nvoglv64.dll
0x00007ffa40a80000 - 0x00007ffa40eee000 	C:\WINDOWS\System32\SETUPAPI.dll
0x00007ffa3e870000 - 0x00007ffa3e897000 	C:\WINDOWS\System32\bcrypt.dll
0x00007ffa3f850000 - 0x00007ffa3f97a000 	C:\WINDOWS\System32\ole32.dll
0x00007ffa3c700000 - 0x00007ffa3c714000 	C:\WINDOWS\SYSTEM32\WTSAPI32.dll
0x00007ffa3e3a0000 - 0x00007ffa3e3b2000 	C:\WINDOWS\SYSTEM32\msasn1.dll
0x00007ffa36ca0000 - 0x00007ffa36cd1000 	C:\WINDOWS\SYSTEM32\cryptnet.dll
0x00007ffa3eed0000 - 0x00007ffa3f02e000 	C:\WINDOWS\System32\CRYPT32.dll
0x00007ffa35bb0000 - 0x00007ffa35cf8000 	C:\WINDOWS\SYSTEM32\drvstore.dll
0x00007ffa3e0a0000 - 0x00007ffa3e0ac000 	C:\WINDOWS\SYSTEM32\cryptbase.dll
0x00007ffa3f0e0000 - 0x00007ffa3f147000 	C:\WINDOWS\System32\WINTRUST.dll
0x00007ffa398d0000 - 0x00007ffa3990b000 	C:\WINDOWS\SYSTEM32\dxcore.dll
0x00007ffa3dd40000 - 0x00007ffa3dd8b000 	C:\WINDOWS\SYSTEM32\powrprof.dll
0x00007ffa3dbb0000 - 0x00007ffa3dbc2000 	C:\WINDOWS\SYSTEM32\UMPDC.dll
0x00007ffa3d6a0000 - 0x00007ffa3d6fb000 	C:\WINDOWS\SYSTEM32\WINSTA.dll
0x00007ffa22c60000 - 0x00007ffa22d59000 	C:\WINDOWS\SYSTEM32\textinputframework.dll
0x00007ff9e4db0000 - 0x00007ff9e4e0e000 	C:\Users\Philip\AppData\Local\Temp\lwjgl_Philip\3.3.2+13\x64\lwjgl_opengl.dll
0x00007ffa1ce60000 - 0x00007ffa1ce70000 	C:\Program Files\Java\jdk-17\bin\verify.dll
0x00007ff995050000 - 0x00007ff9950d2000 	C:\Users\Philip\AppData\Local\Temp\lwjgl_Philip\3.3.2+13\x64\lwjgl_stb.dll
0x00007ff992dc0000 - 0x00007ff992f34000 	C:\Users\Philip\AppData\Local\Temp\lwjgl_Philip\3.3.2+13\x64\draco.dll
0x00007ff968020000 - 0x00007ff9685ef000 	C:\Users\Philip\AppData\Local\Temp\lwjgl_Philip\3.3.2+13\x64\assimp.dll

dbghelp: loaded successfully - version: 4.0.5 - missing functions: none
symbol engine: initialized successfully - sym options: 0x614 - pdb path: .;C:\Program Files\Java\jdk-17\bin;C:\WINDOWS\SYSTEM32;C:\WINDOWS\WinSxS\amd64_microsoft.windows.common-controls_6595b64144ccf1df_6.0.19041.1110_none_60b5254171f9507e;C:\Program Files\Java\jdk-17\bin\server;C:\Program Files\JetBrains\Intellij\IntelliJ IDEA Community Edition 2020.3.2\bin;C:\Users\Philip\AppData\Local\Temp\lwjgl_Philip\3.3.2+13\x64;C:\WINDOWS\System32\DriverStore\FileRepository\nvdmsig.inf_amd64_113d1c576ad5b5e0

VM Arguments:
jvm_args: -Dorg.lwjgl.util.Debug=true -javaagent:C:\Program Files\JetBrains\Intellij\IntelliJ IDEA Community Edition 2020.3.2\lib\idea_rt.jar=58840:C:\Program Files\JetBrains\Intellij\IntelliJ IDEA Community Edition 2020.3.2\bin -Dfile.encoding=UTF-8 
java_command: OpenGLCourseApp
java_class_path (initial): D:\gitrepos\OpenGLCourseApp\target\classes;C:\Users\Philip\.m2\repository\org\lwjgl\lwjgl\3.3.2\lwjgl-3.3.2.jar;C:\Users\Philip\.m2\repository\org\lwjgl\lwjgl-assimp\3.3.2\lwjgl-assimp-3.3.2.jar;C:\Users\Philip\.m2\repository\org\lwjgl\lwjgl-bgfx\3.3.2\lwjgl-bgfx-3.3.2.jar;C:\Users\Philip\.m2\repository\org\lwjgl\lwjgl-glfw\3.3.2\lwjgl-glfw-3.3.2.jar;C:\Users\Philip\.m2\repository\org\lwjgl\lwjgl-nanovg\3.3.2\lwjgl-nanovg-3.3.2.jar;C:\Users\Philip\.m2\repository\org\lwjgl\lwjgl-nuklear\3.3.2\lwjgl-nuklear-3.3.2.jar;C:\Users\Philip\.m2\repository\org\lwjgl\lwjgl-openal\3.3.2\lwjgl-openal-3.3.2.jar;C:\Users\Philip\.m2\repository\org\lwjgl\lwjgl-opengl\3.3.2\lwjgl-opengl-3.3.2.jar;C:\Users\Philip\.m2\repository\org\lwjgl\lwjgl-par\3.3.2\lwjgl-par-3.3.2.jar;C:\Users\Philip\.m2\repository\org\lwjgl\lwjgl-stb\3.3.2\lwjgl-stb-3.3.2.jar;C:\Users\Philip\.m2\repository\org\lwjgl\lwjgl-vulkan\3.3.2\lwjgl-vulkan-3.3.2.jar;C:\Users\Philip\.m2\repository\org\lwjgl\lwjgl\3.3.2\lwjgl-3.3.2-natives-windows.jar;C:\Users\Philip\.m2\repository\org\lwjgl\lwjgl-assimp\3.3.2\lwjgl-assimp-3.3.2-natives-windows.jar;C:\Users\Philip\.m2\repository\org\lwjgl\lwjgl-bgfx\3.3.2\lwjgl-bgfx-3.3.2-natives-windows.jar;C:\Users\Philip\.m2\repository\org\lwjgl\lwjgl-glfw\3.3.2\lwjgl-glfw-3.3.2-natives-windows.jar;C:\Users\Philip\.m2\repository\org\lwjgl\lwjgl-nanovg\3.3.2\lwjgl-nanovg-3.3.2-natives-windows.jar;C:\Users\Philip\.m2\repository\org\lwjgl\lwjgl-nuklear\3.3.2\lwjgl-nuklear-3.3.2-natives-windows.jar;C:\Users\Philip\.m2\repository\org\lwjgl\lwjgl-openal\3.3.2\lwjgl-openal-3.3.2-natives-windows.jar;C:\Users\Philip\.m2\repository\org\lwjgl\lwjgl-opengl\3.3.2\lwjgl-opengl-3.3.2-natives-windows.jar;C:\Users\Philip\.m2\repository\org\lwjgl\lwjgl-par\3.3.2\lwjgl-par-3.3.2-natives-windows.jar;C:\Users\Philip\.m2\repository\org\lwjgl\lwjgl-stb\3.3.2\lwjgl-stb-3.3.2-natives-windows.jar;C:\Users\Philip\.m2\repository\org\joml\joml\1.10.5\joml-1.10.5.jar
Launcher Type: SUN_STANDARD

[Global flags]
     intx CICompilerCount                          = 4                                         {product} {ergonomic}
     uint ConcGCThreads                            = 2                                         {product} {ergonomic}
     uint G1ConcRefinementThreads                  = 8                                         {product} {ergonomic}
   size_t G1HeapRegionSize                         = 4194304                                   {product} {ergonomic}
    uintx GCDrainStackTargetSize                   = 64                                        {product} {ergonomic}
   size_t InitialHeapSize                          = 536870912                                 {product} {ergonomic}
   size_t MarkStackSize                            = 4194304                                   {product} {ergonomic}
   size_t MaxHeapSize                              = 8556380160                                {product} {ergonomic}
   size_t MaxNewSize                               = 5133828096                                {product} {ergonomic}
   size_t MinHeapDeltaBytes                        = 4194304                                   {product} {ergonomic}
   size_t MinHeapSize                              = 8388608                                   {product} {ergonomic}
    uintx NonNMethodCodeHeapSize                   = 5839372                                {pd product} {ergonomic}
    uintx NonProfiledCodeHeapSize                  = 122909434                              {pd product} {ergonomic}
    uintx ProfiledCodeHeapSize                     = 122909434                              {pd product} {ergonomic}
    uintx ReservedCodeCacheSize                    = 251658240                              {pd product} {ergonomic}
     bool SegmentedCodeCache                       = true                                      {product} {ergonomic}
   size_t SoftMaxHeapSize                          = 8556380160                             {manageable} {ergonomic}
     bool UseCompressedClassPointers               = true                           {product lp64_product} {ergonomic}
     bool UseCompressedOops                        = true                           {product lp64_product} {ergonomic}
     bool UseG1GC                                  = true                                      {product} {ergonomic}
     bool UseLargePagesIndividualAllocation        = false                                  {pd product} {ergonomic}

Logging:
Log output configuration:
 #0: stdout all=warning uptime,level,tags
 #1: stderr all=off uptime,level,tags

Environment Variables:
JAVA_HOME=C:\Program Files\Java\jdk-11.0.3
PATH=C:\VulkanSDK\1.3.250.1\Bin;C:\Python311\Scripts\;C:\Python311\;C:\Program Files\Common Files\Oracle\Java\javapath;C:\Program Files (x86)\Common Files\Oracle\Java\javapath;C:\Program Files\Microsoft\jdk-11.0.16.101-hotspot\bin;C:\Program Files\Eclipse Foundation\jdk-8.0.302.8-hotspot\bin;C:\Program Files\Java\jdk-11.0.3\bin;C:\Program Files\NVIDIA GPU Computing Toolkit\CUDA\v9.2\bin;C:\Program Files\NVIDIA GPU Computing Toolkit\CUDA\v9.2\libnvvp;C:\Users\Philip\AppData\Local\Programs\Python\Python36\Scripts\;C:\Users\Philip\AppData\Local\Programs\Python\Python36\;C:\ProgramData\Oracle\Java\javapath;C:\Program Files\Intel\iCLS Client\;C:\Windows\system32;C:\Windows;C:\Windows\System32\Wbem;C:\Windows\System32\WindowsPowerShell\v1.0\;C:\Program Files (x86)\NVIDIA Corporation\PhysX\Common;C:\Program Files (x86)\GtkSharp\2.12\bin;C:\WINDOWS\system32;C:\WINDOWS;C:\WINDOWS\System32\Wbem;C:\WINDOWS\System32\WindowsPowerShell\v1.0\;C:\Program Files\dotnet\;C:\Program Files\Microsoft SQL Server\130\Tools\Binn\;C:\WINDOWS\System32\OpenSSH\;C:\WINDOWS\system32;C:\WINDOWS;C:\WINDOWS\System32\Wbem;C:\WINDOWS\System32\WindowsPowerShell\v1.0\;C:\WINDOWS\System32\OpenSSH\;C:\Program Files (x86)\Windows Kits\10\Windows Performance Toolkit\;C:\Program Files\Microsoft SQL Server\Client SDK\ODBC\170\Tools\Binn\;C:\Gradle\gradle-7.2\bin;C:\apache-maven-3.8.3\bin;C:\Program Files (x86)\dotnet\;C:\Program Files\Microsoft SQL Server\150\Tools\Binn\;C:\Program Files (x86)\Intel\Intel(R) Management Engine Components\DAL;C:\Program Files\Intel\Intel(R) Management Engine Components\DAL;C:\Program Files\Microsoft VS Code\bin;C:\Program Files\nodejs\;C:\ProgramData\chocolatey\bin;C:\Program Files (x86)\Incredibuild;C:\Program Files\Git\cmd;C:\Program Files\Microsoft Visual Studio\2022\Community\MSBuild\Current\Bin;C:\Program Files\CMake\bin;C:\Users\Philip\AppData\Local\Microsoft\WindowsApps;C:\Users\Philip\Bazel;C:\Users\Philip\swigwin-3.0.12;C:\Program Files (x86)\Microsoft Visual Studio\2017
USERNAME=Philip
OS=Windows_NT
PROCESSOR_IDENTIFIER=Intel64 Family 6 Model 158 Stepping 9, GenuineIntel



---------------  S Y S T E M  ---------------

OS:
 Windows 10 , 64 bit Build 19041 (10.0.19041.3155)
OS uptime: 7 days 5:03 hours
Hyper-V role detected

CPU: total 8 (initial active 8) (4 cores per cpu, 2 threads per core) family 6 model 158 stepping 9 microcode 0xb4, cx8, cmov, fxsr, ht, mmx, 3dnowpref, sse, sse2, sse3, ssse3, sse4.1, sse4.2, popcnt, lzcnt, tsc, tscinvbit, avx, avx2, aes, erms, clmul, bmi1, bmi2, adx, fma, vzeroupper, clflush, clflushopt, hv

Memory: 4k page, system-wide physical 32637M (15865M free)
TotalPageFile size 38541M (AvailPageFile size 5252M)
current process WorkingSet (physical memory assigned to process): 155M, peak: 167M
current process commit charge ("private bytes"): 791M, peak: 791M

vm_info: Java HotSpot(TM) 64-Bit Server VM (17.0.6+9-LTS-190) for windows-amd64 JRE (17.0.6+9-LTS-190), built on Dec  6 2022 15:53:54 by "mach5one" with MS VC++ 17.1 (VS2022)

END.
